
SQL*Loader: Release 11.2.0.2.0 - Production on Fri May 14 02:24:35 2021

Copyright (c) 1982, 2009, Oracle and/or its affiliates.  All rights reserved.

Control File:   dept.ctl
Data File:      csv/department.csv
  Bad File:     department.bad
  Discard File:  none specified
 
 (Allow all discards)

Number to load: ALL
Number to skip: 0
Errors allowed: 50
Bind array:     64 rows, maximum of 256000 bytes
Continuation:    none specified
Path used:      Conventional

Table DEPARTMENT, loaded from every logical record.
Insert option in effect for this table: INSERT

   Column Name                  Position   Len  Term Encl Datatype
------------------------------ ---------- ----- ---- ---- ---------------------
DID                                 FIRST     *   ,  O(") CHARACTER            
DEPTNAME                             NEXT     *   ,  O(") CHARACTER            
WEBSITE                              NEXT     *   ,  O(") CHARACTER            


Table DEPARTMENT:
  3 Rows successfully loaded.
  0 Rows not loaded due to data errors.
  0 Rows not loaded because all WHEN clauses were failed.
  0 Rows not loaded because all fields were null.


Space allocated for bind array:                  49536 bytes(64 rows)
Read   buffer bytes: 1048576

Total logical records skipped:          0
Total logical records read:             3
Total logical records rejected:         0
Total logical records discarded:        0

Run began on Fri May 14 02:24:35 2021
Run ended on Fri May 14 02:24:36 2021

Elapsed time was:     00:00:00.03
CPU time was:         00:00:00.00
